<?xml version="1.0" encoding="UTF-8"?>
<!-- Generated by org.testng.reporters.JUnitReportReporter -->
<testsuite hostname="DESKTOP-B7HCV0D" failures="0" tests="1" name="TestNg.practice" time="0.646" errors="0" timestamp="2024-04-08T08:37:07 IST" skipped="0">
  <testcase classname="TestNg.practice" name="login" time="0.646"/>
</testsuite> <!-- TestNg.practice -->
