<?xml version="1.0" encoding="UTF-8"?>
<!-- Generated by org.testng.reporters.JUnitReportReporter -->
<testsuite hostname="DESKTOP-B7HCV0D" failures="0" tests="4" name="TestNg.NewTest" time="0.045" errors="0" timestamp="2024-03-25T02:37:19 IST" skipped="0">
  <testcase classname="TestNg.NewTest" name="a" time="0.020"/>
  <testcase classname="TestNg.NewTest" name="b" time="0.010"/>
  <testcase classname="TestNg.NewTest" name="c" time="0.007"/>
  <testcase classname="TestNg.NewTest" name="d" time="0.008"/>
</testsuite> <!-- TestNg.NewTest -->
