<?xml version="1.0" encoding="UTF-8"?>
<!-- Generated by org.testng.reporters.JUnitReportReporter -->
<testsuite hostname="DESKTOP-B7HCV0D" failures="0" tests="1" name="TestNg.hardsoftAssertion" time="0.055" errors="0" timestamp="2024-03-26T22:27:24 IST" skipped="0">
  <testcase classname="TestNg.hardsoftAssertion" name="f" time="0.055"/>
</testsuite> <!-- TestNg.hardsoftAssertion -->
