<?xml version="1.0" encoding="UTF-8"?>
<!-- Generated by org.testng.reporters.JUnitReportReporter -->
<testsuite hostname="DESKTOP-B7HCV0D" failures="0" tests="4" name="TestNg.runsanity_regretion" time="0.054" errors="0" timestamp="2024-03-25T03:44:48 IST" skipped="0">
  <testcase classname="TestNg.runsanity_regretion" name="c" time="0.006"/>
  <testcase classname="TestNg.runsanity_regretion" name="a" time="0.031"/>
  <testcase classname="TestNg.runsanity_regretion" name="d" time="0.013"/>
  <testcase classname="TestNg.runsanity_regretion" name="b" time="0.004"/>
</testsuite> <!-- TestNg.runsanity_regretion -->
