<?xml version="1.0" encoding="UTF-8"?>
<!-- Generated by org.testng.reporters.JUnitReportReporter -->
<testsuite hostname="DESKTOP-B7HCV0D" failures="0" tests="4" name="TestNg.Afterbefore" time="0.042" errors="0" timestamp="2024-03-25T03:26:37 IST" skipped="0">
  <testcase classname="TestNg.Afterbefore" name="d" time="0.008"/>
  <testcase classname="TestNg.Afterbefore" name="a" time="0.018"/>
  <testcase classname="TestNg.Afterbefore" name="b" time="0.008"/>
  <testcase classname="TestNg.Afterbefore" name="c" time="0.008"/>
</testsuite> <!-- TestNg.Afterbefore -->
