<?xml version="1.0" encoding="UTF-8"?>
<!-- Generated by org.testng.reporters.JUnitReportReporter -->
<testsuite hostname="DESKTOP-B7HCV0D" failures="0" tests="1" name="TestNg.TestNg_real_time_example" time="17.924" errors="0" timestamp="2024-03-27T21:26:23 IST" skipped="0">
  <testcase classname="TestNg.TestNg_real_time_example" name="testCurrentUrl" time="17.924"/>
</testsuite> <!-- TestNg.TestNg_real_time_example -->
