<?xml version="1.0" encoding="UTF-8"?>
<!-- Generated by org.testng.reporters.JUnitReportReporter -->
<testsuite hostname="DESKTOP-B7HCV0D" failures="0" tests="5" name="TestNg.invocationcount" time="0.040" errors="0" timestamp="2024-03-26T21:55:20 IST" skipped="0">
  <testcase classname="TestNg.invocationcount" name="invocation" time="0.005"/>
  <testcase classname="TestNg.invocationcount" name="invocation" time="0.004"/>
  <testcase classname="TestNg.invocationcount" name="invocation" time="0.004"/>
  <testcase classname="TestNg.invocationcount" name="invocation" time="0.005"/>
  <testcase classname="TestNg.invocationcount" name="invocation" time="0.022"/>
</testsuite> <!-- TestNg.invocationcount -->
