<?xml version="1.0" encoding="UTF-8"?>
<!-- Generated by org.testng.reporters.JUnitReportReporter -->
<testsuite hostname="DESKTOP-B7HCV0D" failures="0" tests="1" name="TestNg.DataProviderRealTimeExample" time="68.744" errors="0" timestamp="2024-04-05T02:35:18 IST" skipped="0">
  <testcase classname="TestNg.DataProviderRealTimeExample" name="login" time="68.744"/>
</testsuite> <!-- TestNg.DataProviderRealTimeExample -->
