<?xml version="1.0" encoding="UTF-8"?>
<!-- Generated by org.testng.reporters.JUnitReportReporter -->
<testsuite hostname="DESKTOP-B7HCV0D" failures="0" tests="4" name="TestNg.sanity" time="0.047" errors="0" timestamp="2024-03-27T03:57:13 IST" skipped="0">
  <testcase classname="TestNg.sanity" name="a" time="0.031"/>
  <testcase classname="TestNg.sanity" name="d" time="0.007"/>
  <testcase classname="TestNg.sanity" name="c" time="0.004"/>
  <testcase classname="TestNg.sanity" name="b" time="0.005"/>
</testsuite> <!-- TestNg.sanity -->
