<?xml version="1.0" encoding="UTF-8"?>
<!-- Generated by org.testng.reporters.JUnitReportReporter -->
<testsuite hostname="DESKTOP-B7HCV0D" failures="0" tests="1" name="TestNg.abtest" time="0.003" errors="0" timestamp="2024-03-25T03:26:37 IST" skipped="0">
  <testcase classname="TestNg.abtest" name="e" time="0.003"/>
</testsuite> <!-- TestNg.abtest -->
