<?xml version="1.0" encoding="UTF-8"?>
<!-- Generated by org.testng.reporters.JUnitReportReporter -->
<testsuite hostname="DESKTOP-B7HCV0D" failures="0" tests="1" name="TestNg.dataproviderdemo" time="0.018" errors="0" timestamp="2024-03-30T01:02:55 IST" skipped="0">
  <testcase classname="TestNg.dataproviderdemo" name="login" time="0.018"/>
</testsuite> <!-- TestNg.dataproviderdemo -->
