<?xml version="1.0" encoding="UTF-8"?>
<!-- Generated by org.testng.reporters.JUnitReportReporter -->
<testsuite hostname="DESKTOP-B7HCV0D" failures="0" tests="4" name="TestNg.parllel_thread" time="0.076" errors="0" timestamp="2024-03-27T04:04:28 IST" skipped="0">
  <testcase classname="TestNg.parllel_thread" name="b" time="0.022"/>
  <testcase classname="TestNg.parllel_thread" name="d" time="0.011"/>
  <testcase classname="TestNg.parllel_thread" name="a" time="0.036"/>
  <testcase classname="TestNg.parllel_thread" name="c" time="0.007"/>
</testsuite> <!-- TestNg.parllel_thread -->
