<?xml version="1.0" encoding="UTF-8"?>
<!-- Generated by org.testng.reporters.JUnitReportReporter -->
<testsuite hostname="DESKTOP-B7HCV0D" failures="0" tests="2" name="TestNg.parllel2" time="0.048" errors="0" timestamp="2024-03-27T04:04:28 IST" skipped="0">
  <testcase classname="TestNg.parllel2" name="f" time="0.035"/>
  <testcase classname="TestNg.parllel2" name="i" time="0.013"/>
</testsuite> <!-- TestNg.parllel2 -->
